<?xml version="1.0" encoding="UTF-8"?>
<testng-results skipped="0" failed="0" ignored="0" total="6" passed="6">
  <reporter-output>
  </reporter-output>
  <suite name="Default suite" duration-ms="1276" started-at="2018-10-25T12:37:40Z" finished-at="2018-10-25T12:37:41Z">
    <groups>
    </groups>
    <test name="Default test" duration-ms="1276" started-at="2018-10-25T12:37:40Z" finished-at="2018-10-25T12:37:41Z">
      <class name="com.vidyo.rest.extintegration.ExtIntegrationControllerTest">
        <test-method status="PASS" signature="beforePowerMockTestClass()[pri:0, instance:com.vidyo.rest.extintegration.ExtIntegrationControllerTest@6adbc9d]" name="beforePowerMockTestClass" is-config="true" duration-ms="24" started-at="2018-10-25T15:37:40Z" finished-at="2018-10-25T15:37:40Z">
          <reporter-output>
          </reporter-output>
        </test-method> <!-- beforePowerMockTestClass -->
        <test-method status="PASS" signature="beforePowerMockTestMethod()[pri:0, instance:com.vidyo.rest.extintegration.ExtIntegrationControllerTest@6adbc9d]" name="beforePowerMockTestMethod" is-config="true" duration-ms="475" started-at="2018-10-25T15:37:40Z" finished-at="2018-10-25T15:37:41Z">
          <reporter-output>
          </reporter-output>
        </test-method> <!-- beforePowerMockTestMethod -->
        <test-method status="PASS" signature="setup()[pri:0, instance:com.vidyo.rest.extintegration.ExtIntegrationControllerTest@6adbc9d]" name="setup" is-config="true" duration-ms="43" started-at="2018-10-25T15:37:41Z" finished-at="2018-10-25T15:37:41Z">
          <reporter-output>
          </reporter-output>
        </test-method> <!-- setup -->
        <test-method status="PASS" signature="testRoomKeyEmptyExtData()[pri:0, instance:com.vidyo.rest.extintegration.ExtIntegrationControllerTest@6adbc9d]" name="testRoomKeyEmptyExtData" duration-ms="44" started-at="2018-10-25T15:37:41Z" finished-at="2018-10-25T15:37:41Z">
          <exception class="com.vidyo.service.exceptions.DataValidationException">
            <message>
              <![CDATA[Invalid extData value - null]]>
            </message>
            <full-stacktrace>
              <![CDATA[com.vidyo.service.exceptions.DataValidationException: Invalid extData value - null
	at com.vidyo.rest.controllers.ExtIntegrationController.getRoomKey(ExtIntegrationController.java:42)
	at com.vidyo.rest.extintegration.ExtIntegrationControllerTest.testRoomKeyEmptyExtData(ExtIntegrationControllerTest.java:109)
	at sun.reflect.NativeMethodAccessorImpl.invoke0(Native Method)
	at sun.reflect.NativeMethodAccessorImpl.invoke(NativeMethodAccessorImpl.java:62)
	at sun.reflect.DelegatingMethodAccessorImpl.invoke(DelegatingMethodAccessorImpl.java:43)
	at java.lang.reflect.Method.invoke(Method.java:498)
	at org.testng.internal.MethodInvocationHelper.invokeMethod(MethodInvocationHelper.java:108)
	at org.testng.internal.Invoker.invokeMethod(Invoker.java:661)
	at org.testng.internal.Invoker.invokeTestMethod(Invoker.java:869)
	at org.testng.internal.Invoker.invokeTestMethods(Invoker.java:1193)
	at org.testng.internal.TestMethodWorker.invokeTestMethods(TestMethodWorker.java:126)
	at org.testng.internal.TestMethodWorker.run(TestMethodWorker.java:109)
	at org.testng.TestRunner.privateRun(TestRunner.java:744)
	at org.testng.TestRunner.run(TestRunner.java:602)
	at org.testng.SuiteRunner.runTest(SuiteRunner.java:380)
	at org.testng.SuiteRunner.runSequentially(SuiteRunner.java:375)
	at org.testng.SuiteRunner.privateRun(SuiteRunner.java:340)
	at org.testng.SuiteRunner.run(SuiteRunner.java:289)
	at org.testng.SuiteRunnerWorker.runSuite(SuiteRunnerWorker.java:52)
	at org.testng.SuiteRunnerWorker.run(SuiteRunnerWorker.java:86)
	at org.testng.TestNG.runSuitesSequentially(TestNG.java:1301)
	at org.testng.TestNG.runSuitesLocally(TestNG.java:1226)
	at org.testng.TestNG.runSuites(TestNG.java:1144)
	at org.testng.TestNG.run(TestNG.java:1115)
	at org.testng.remote.AbstractRemoteTestNG.run(AbstractRemoteTestNG.java:114)
	at org.testng.remote.RemoteTestNG.initAndRun(RemoteTestNG.java:251)
	at org.testng.remote.RemoteTestNG.main(RemoteTestNG.java:77)
]]>
            </full-stacktrace>
          </exception> <!-- com.vidyo.service.exceptions.DataValidationException -->
          <reporter-output>
          </reporter-output>
        </test-method> <!-- testRoomKeyEmptyExtData -->
        <test-method status="PASS" signature="afterPowerMockTestMethod()[pri:0, instance:com.vidyo.rest.extintegration.ExtIntegrationControllerTest@6adbc9d]" name="afterPowerMockTestMethod" is-config="true" duration-ms="5" started-at="2018-10-25T15:37:41Z" finished-at="2018-10-25T15:37:41Z">
          <reporter-output>
          </reporter-output>
        </test-method> <!-- afterPowerMockTestMethod -->
        <test-method status="PASS" signature="beforePowerMockTestMethod()[pri:0, instance:com.vidyo.rest.extintegration.ExtIntegrationControllerTest@6adbc9d]" name="beforePowerMockTestMethod" is-config="true" duration-ms="1" started-at="2018-10-25T15:37:41Z" finished-at="2018-10-25T15:37:41Z">
          <reporter-output>
          </reporter-output>
        </test-method> <!-- beforePowerMockTestMethod -->
        <test-method status="PASS" signature="setup()[pri:0, instance:com.vidyo.rest.extintegration.ExtIntegrationControllerTest@6adbc9d]" name="setup" is-config="true" duration-ms="2" started-at="2018-10-25T15:37:41Z" finished-at="2018-10-25T15:37:41Z">
          <reporter-output>
          </reporter-output>
        </test-method> <!-- setup -->
        <test-method status="PASS" signature="testRoomKeyEmptyExtDataType()[pri:0, instance:com.vidyo.rest.extintegration.ExtIntegrationControllerTest@6adbc9d]" name="testRoomKeyEmptyExtDataType" duration-ms="2" started-at="2018-10-25T15:37:41Z" finished-at="2018-10-25T15:37:41Z">
          <exception class="com.vidyo.service.exceptions.DataValidationException">
            <message>
              <![CDATA[Invalid extDataType value - null]]>
            </message>
            <full-stacktrace>
              <![CDATA[com.vidyo.service.exceptions.DataValidationException: Invalid extDataType value - null
	at com.vidyo.rest.controllers.ExtIntegrationController.getRoomKey(ExtIntegrationController.java:49)
	at com.vidyo.rest.extintegration.ExtIntegrationControllerTest.testRoomKeyEmptyExtDataType(ExtIntegrationControllerTest.java:98)
	at sun.reflect.NativeMethodAccessorImpl.invoke0(Native Method)
	at sun.reflect.NativeMethodAccessorImpl.invoke(NativeMethodAccessorImpl.java:62)
	at sun.reflect.DelegatingMethodAccessorImpl.invoke(DelegatingMethodAccessorImpl.java:43)
	at java.lang.reflect.Method.invoke(Method.java:498)
	at org.testng.internal.MethodInvocationHelper.invokeMethod(MethodInvocationHelper.java:108)
	at org.testng.internal.Invoker.invokeMethod(Invoker.java:661)
	at org.testng.internal.Invoker.invokeTestMethod(Invoker.java:869)
	at org.testng.internal.Invoker.invokeTestMethods(Invoker.java:1193)
	at org.testng.internal.TestMethodWorker.invokeTestMethods(TestMethodWorker.java:126)
	at org.testng.internal.TestMethodWorker.run(TestMethodWorker.java:109)
	at org.testng.TestRunner.privateRun(TestRunner.java:744)
	at org.testng.TestRunner.run(TestRunner.java:602)
	at org.testng.SuiteRunner.runTest(SuiteRunner.java:380)
	at org.testng.SuiteRunner.runSequentially(SuiteRunner.java:375)
	at org.testng.SuiteRunner.privateRun(SuiteRunner.java:340)
	at org.testng.SuiteRunner.run(SuiteRunner.java:289)
	at org.testng.SuiteRunnerWorker.runSuite(SuiteRunnerWorker.java:52)
	at org.testng.SuiteRunnerWorker.run(SuiteRunnerWorker.java:86)
	at org.testng.TestNG.runSuitesSequentially(TestNG.java:1301)
	at org.testng.TestNG.runSuitesLocally(TestNG.java:1226)
	at org.testng.TestNG.runSuites(TestNG.java:1144)
	at org.testng.TestNG.run(TestNG.java:1115)
	at org.testng.remote.AbstractRemoteTestNG.run(AbstractRemoteTestNG.java:114)
	at org.testng.remote.RemoteTestNG.initAndRun(RemoteTestNG.java:251)
	at org.testng.remote.RemoteTestNG.main(RemoteTestNG.java:77)
]]>
            </full-stacktrace>
          </exception> <!-- com.vidyo.service.exceptions.DataValidationException -->
          <reporter-output>
          </reporter-output>
        </test-method> <!-- testRoomKeyEmptyExtDataType -->
        <test-method status="PASS" signature="afterPowerMockTestMethod()[pri:0, instance:com.vidyo.rest.extintegration.ExtIntegrationControllerTest@6adbc9d]" name="afterPowerMockTestMethod" is-config="true" duration-ms="1" started-at="2018-10-25T15:37:41Z" finished-at="2018-10-25T15:37:41Z">
          <reporter-output>
          </reporter-output>
        </test-method> <!-- afterPowerMockTestMethod -->
        <test-method status="PASS" signature="beforePowerMockTestMethod()[pri:0, instance:com.vidyo.rest.extintegration.ExtIntegrationControllerTest@6adbc9d]" name="beforePowerMockTestMethod" is-config="true" duration-ms="1" started-at="2018-10-25T15:37:41Z" finished-at="2018-10-25T15:37:41Z">
          <reporter-output>
          </reporter-output>
        </test-method> <!-- beforePowerMockTestMethod -->
        <test-method status="PASS" signature="setup()[pri:0, instance:com.vidyo.rest.extintegration.ExtIntegrationControllerTest@6adbc9d]" name="setup" is-config="true" duration-ms="2" started-at="2018-10-25T15:37:41Z" finished-at="2018-10-25T15:37:41Z">
          <reporter-output>
          </reporter-output>
        </test-method> <!-- setup -->
        <test-method status="PASS" signature="testRoomKeyEpicNotEnabled()[pri:0, instance:com.vidyo.rest.extintegration.ExtIntegrationControllerTest@6adbc9d]" name="testRoomKeyEpicNotEnabled" duration-ms="4" started-at="2018-10-25T15:37:41Z" finished-at="2018-10-25T15:37:41Z">
          <exception class="com.vidyo.service.exceptions.GeneralException">
            <message>
              <![CDATA[Epic is not enabled]]>
            </message>
            <full-stacktrace>
              <![CDATA[com.vidyo.service.exceptions.GeneralException: Epic is not enabled
	at com.vidyo.rest.controllers.ExtIntegrationController.getRoomKey(ExtIntegrationController.java:37)
	at com.vidyo.rest.extintegration.ExtIntegrationControllerTest.testRoomKeyEpicNotEnabled(ExtIntegrationControllerTest.java:87)
	at sun.reflect.NativeMethodAccessorImpl.invoke0(Native Method)
	at sun.reflect.NativeMethodAccessorImpl.invoke(NativeMethodAccessorImpl.java:62)
	at sun.reflect.DelegatingMethodAccessorImpl.invoke(DelegatingMethodAccessorImpl.java:43)
	at java.lang.reflect.Method.invoke(Method.java:498)
	at org.testng.internal.MethodInvocationHelper.invokeMethod(MethodInvocationHelper.java:108)
	at org.testng.internal.Invoker.invokeMethod(Invoker.java:661)
	at org.testng.internal.Invoker.invokeTestMethod(Invoker.java:869)
	at org.testng.internal.Invoker.invokeTestMethods(Invoker.java:1193)
	at org.testng.internal.TestMethodWorker.invokeTestMethods(TestMethodWorker.java:126)
	at org.testng.internal.TestMethodWorker.run(TestMethodWorker.java:109)
	at org.testng.TestRunner.privateRun(TestRunner.java:744)
	at org.testng.TestRunner.run(TestRunner.java:602)
	at org.testng.SuiteRunner.runTest(SuiteRunner.java:380)
	at org.testng.SuiteRunner.runSequentially(SuiteRunner.java:375)
	at org.testng.SuiteRunner.privateRun(SuiteRunner.java:340)
	at org.testng.SuiteRunner.run(SuiteRunner.java:289)
	at org.testng.SuiteRunnerWorker.runSuite(SuiteRunnerWorker.java:52)
	at org.testng.SuiteRunnerWorker.run(SuiteRunnerWorker.java:86)
	at org.testng.TestNG.runSuitesSequentially(TestNG.java:1301)
	at org.testng.TestNG.runSuitesLocally(TestNG.java:1226)
	at org.testng.TestNG.runSuites(TestNG.java:1144)
	at org.testng.TestNG.run(TestNG.java:1115)
	at org.testng.remote.AbstractRemoteTestNG.run(AbstractRemoteTestNG.java:114)
	at org.testng.remote.RemoteTestNG.initAndRun(RemoteTestNG.java:251)
	at org.testng.remote.RemoteTestNG.main(RemoteTestNG.java:77)
]]>
            </full-stacktrace>
          </exception> <!-- com.vidyo.service.exceptions.GeneralException -->
          <reporter-output>
          </reporter-output>
        </test-method> <!-- testRoomKeyEpicNotEnabled -->
        <test-method status="PASS" signature="afterPowerMockTestMethod()[pri:0, instance:com.vidyo.rest.extintegration.ExtIntegrationControllerTest@6adbc9d]" name="afterPowerMockTestMethod" is-config="true" duration-ms="0" started-at="2018-10-25T15:37:41Z" finished-at="2018-10-25T15:37:41Z">
          <reporter-output>
          </reporter-output>
        </test-method> <!-- afterPowerMockTestMethod -->
        <test-method status="PASS" signature="beforePowerMockTestMethod()[pri:0, instance:com.vidyo.rest.extintegration.ExtIntegrationControllerTest@6adbc9d]" name="beforePowerMockTestMethod" is-config="true" duration-ms="1" started-at="2018-10-25T15:37:41Z" finished-at="2018-10-25T15:37:41Z">
          <reporter-output>
          </reporter-output>
        </test-method> <!-- beforePowerMockTestMethod -->
        <test-method status="PASS" signature="setup()[pri:0, instance:com.vidyo.rest.extintegration.ExtIntegrationControllerTest@6adbc9d]" name="setup" is-config="true" duration-ms="2" started-at="2018-10-25T15:37:41Z" finished-at="2018-10-25T15:37:41Z">
          <reporter-output>
          </reporter-output>
        </test-method> <!-- setup -->
        <test-method status="PASS" signature="testRoomKeyInvalidExtData()[pri:0, instance:com.vidyo.rest.extintegration.ExtIntegrationControllerTest@6adbc9d]" name="testRoomKeyInvalidExtData" duration-ms="602" started-at="2018-10-25T15:37:41Z" finished-at="2018-10-25T15:37:41Z">
          <exception class="com.vidyo.service.exceptions.DataValidationException">
            <message>
              <![CDATA[Invalid extData value - ttz76/DemvyCDo9sE+1c+LT1iS7o0icon6oiHb8G8l3wO+drhAirTSzMIY1mdEdpRrIj8adT8VmzsMloGRxCW5a+3LbYfNWSUqx5OwD1Z1wj78qoSQf3ag5XFntDIUQXoFvzzAb7GUhhtRL7D17X460rtUEgDq5mdH/oe0MnliSPmzRHH/lNdiL3oQxt5jyJ0FVOFTwSZMWCWJer6fjZDA==]]>
            </message>
            <full-stacktrace>
              <![CDATA[com.vidyo.service.exceptions.DataValidationException: Invalid extData value - ttz76/DemvyCDo9sE+1c+LT1iS7o0icon6oiHb8G8l3wO+drhAirTSzMIY1mdEdpRrIj8adT8VmzsMloGRxCW5a+3LbYfNWSUqx5OwD1Z1wj78qoSQf3ag5XFntDIUQXoFvzzAb7GUhhtRL7D17X460rtUEgDq5mdH/oe0MnliSPmzRHH/lNdiL3oQxt5jyJ0FVOFTwSZMWCWJer6fjZDA==
	at com.vidyo.rest.controllers.ExtIntegrationController.getRoomKey(ExtIntegrationController.java:61)
	at com.vidyo.rest.extintegration.ExtIntegrationControllerTest.testRoomKeyInvalidExtData(ExtIntegrationControllerTest.java:121)
	at sun.reflect.NativeMethodAccessorImpl.invoke0(Native Method)
	at sun.reflect.NativeMethodAccessorImpl.invoke(NativeMethodAccessorImpl.java:62)
	at sun.reflect.DelegatingMethodAccessorImpl.invoke(DelegatingMethodAccessorImpl.java:43)
	at java.lang.reflect.Method.invoke(Method.java:498)
	at org.testng.internal.MethodInvocationHelper.invokeMethod(MethodInvocationHelper.java:108)
	at org.testng.internal.Invoker.invokeMethod(Invoker.java:661)
	at org.testng.internal.Invoker.invokeTestMethod(Invoker.java:869)
	at org.testng.internal.Invoker.invokeTestMethods(Invoker.java:1193)
	at org.testng.internal.TestMethodWorker.invokeTestMethods(TestMethodWorker.java:126)
	at org.testng.internal.TestMethodWorker.run(TestMethodWorker.java:109)
	at org.testng.TestRunner.privateRun(TestRunner.java:744)
	at org.testng.TestRunner.run(TestRunner.java:602)
	at org.testng.SuiteRunner.runTest(SuiteRunner.java:380)
	at org.testng.SuiteRunner.runSequentially(SuiteRunner.java:375)
	at org.testng.SuiteRunner.privateRun(SuiteRunner.java:340)
	at org.testng.SuiteRunner.run(SuiteRunner.java:289)
	at org.testng.SuiteRunnerWorker.runSuite(SuiteRunnerWorker.java:52)
	at org.testng.SuiteRunnerWorker.run(SuiteRunnerWorker.java:86)
	at org.testng.TestNG.runSuitesSequentially(TestNG.java:1301)
	at org.testng.TestNG.runSuitesLocally(TestNG.java:1226)
	at org.testng.TestNG.runSuites(TestNG.java:1144)
	at org.testng.TestNG.run(TestNG.java:1115)
	at org.testng.remote.AbstractRemoteTestNG.run(AbstractRemoteTestNG.java:114)
	at org.testng.remote.RemoteTestNG.initAndRun(RemoteTestNG.java:251)
	at org.testng.remote.RemoteTestNG.main(RemoteTestNG.java:77)
]]>
            </full-stacktrace>
          </exception> <!-- com.vidyo.service.exceptions.DataValidationException -->
          <reporter-output>
          </reporter-output>
        </test-method> <!-- testRoomKeyInvalidExtData -->
        <test-method status="PASS" signature="beforePowerMockTestMethod()[pri:0, instance:com.vidyo.rest.extintegration.ExtIntegrationControllerTest@6adbc9d]" name="beforePowerMockTestMethod" is-config="true" duration-ms="2" started-at="2018-10-25T15:37:41Z" finished-at="2018-10-25T15:37:41Z">
          <reporter-output>
          </reporter-output>
        </test-method> <!-- beforePowerMockTestMethod -->
        <test-method status="PASS" signature="afterPowerMockTestMethod()[pri:0, instance:com.vidyo.rest.extintegration.ExtIntegrationControllerTest@6adbc9d]" name="afterPowerMockTestMethod" is-config="true" duration-ms="0" started-at="2018-10-25T15:37:41Z" finished-at="2018-10-25T15:37:41Z">
          <reporter-output>
          </reporter-output>
        </test-method> <!-- afterPowerMockTestMethod -->
        <test-method status="PASS" signature="setup()[pri:0, instance:com.vidyo.rest.extintegration.ExtIntegrationControllerTest@6adbc9d]" name="setup" is-config="true" duration-ms="5" started-at="2018-10-25T15:37:41Z" finished-at="2018-10-25T15:37:41Z">
          <reporter-output>
          </reporter-output>
        </test-method> <!-- setup -->
        <test-method status="PASS" signature="testRoomKeyRoomCreationFailed()[pri:0, instance:com.vidyo.rest.extintegration.ExtIntegrationControllerTest@6adbc9d]" name="testRoomKeyRoomCreationFailed" duration-ms="20" started-at="2018-10-25T15:37:41Z" finished-at="2018-10-25T15:37:41Z">
          <exception class="java.lang.NullPointerException">
            <full-stacktrace>
              <![CDATA[java.lang.NullPointerException
	at com.vidyo.rest.controllers.ExtIntegrationController.getRoomKey(ExtIntegrationController.java:69)
	at com.vidyo.rest.extintegration.ExtIntegrationControllerTest.testRoomKeyRoomCreationFailed(ExtIntegrationControllerTest.java:154)
	at sun.reflect.NativeMethodAccessorImpl.invoke0(Native Method)
	at sun.reflect.NativeMethodAccessorImpl.invoke(NativeMethodAccessorImpl.java:62)
	at sun.reflect.DelegatingMethodAccessorImpl.invoke(DelegatingMethodAccessorImpl.java:43)
	at java.lang.reflect.Method.invoke(Method.java:498)
	at org.testng.internal.MethodInvocationHelper.invokeMethod(MethodInvocationHelper.java:108)
	at org.testng.internal.Invoker.invokeMethod(Invoker.java:661)
	at org.testng.internal.Invoker.invokeTestMethod(Invoker.java:869)
	at org.testng.internal.Invoker.invokeTestMethods(Invoker.java:1193)
	at org.testng.internal.TestMethodWorker.invokeTestMethods(TestMethodWorker.java:126)
	at org.testng.internal.TestMethodWorker.run(TestMethodWorker.java:109)
	at org.testng.TestRunner.privateRun(TestRunner.java:744)
	at org.testng.TestRunner.run(TestRunner.java:602)
	at org.testng.SuiteRunner.runTest(SuiteRunner.java:380)
	at org.testng.SuiteRunner.runSequentially(SuiteRunner.java:375)
	at org.testng.SuiteRunner.privateRun(SuiteRunner.java:340)
	at org.testng.SuiteRunner.run(SuiteRunner.java:289)
	at org.testng.SuiteRunnerWorker.runSuite(SuiteRunnerWorker.java:52)
	at org.testng.SuiteRunnerWorker.run(SuiteRunnerWorker.java:86)
	at org.testng.TestNG.runSuitesSequentially(TestNG.java:1301)
	at org.testng.TestNG.runSuitesLocally(TestNG.java:1226)
	at org.testng.TestNG.runSuites(TestNG.java:1144)
	at org.testng.TestNG.run(TestNG.java:1115)
	at org.testng.remote.AbstractRemoteTestNG.run(AbstractRemoteTestNG.java:114)
	at org.testng.remote.RemoteTestNG.initAndRun(RemoteTestNG.java:251)
	at org.testng.remote.RemoteTestNG.main(RemoteTestNG.java:77)
]]>
            </full-stacktrace>
          </exception> <!-- java.lang.NullPointerException -->
          <reporter-output>
          </reporter-output>
        </test-method> <!-- testRoomKeyRoomCreationFailed -->
        <test-method status="PASS" signature="afterPowerMockTestMethod()[pri:0, instance:com.vidyo.rest.extintegration.ExtIntegrationControllerTest@6adbc9d]" name="afterPowerMockTestMethod" is-config="true" duration-ms="1" started-at="2018-10-25T15:37:41Z" finished-at="2018-10-25T15:37:41Z">
          <reporter-output>
          </reporter-output>
        </test-method> <!-- afterPowerMockTestMethod -->
        <test-method status="PASS" signature="beforePowerMockTestMethod()[pri:0, instance:com.vidyo.rest.extintegration.ExtIntegrationControllerTest@6adbc9d]" name="beforePowerMockTestMethod" is-config="true" duration-ms="1" started-at="2018-10-25T15:37:41Z" finished-at="2018-10-25T15:37:41Z">
          <reporter-output>
          </reporter-output>
        </test-method> <!-- beforePowerMockTestMethod -->
        <test-method status="PASS" signature="setup()[pri:0, instance:com.vidyo.rest.extintegration.ExtIntegrationControllerTest@6adbc9d]" name="setup" is-config="true" duration-ms="2" started-at="2018-10-25T15:37:41Z" finished-at="2018-10-25T15:37:41Z">
          <reporter-output>
          </reporter-output>
        </test-method> <!-- setup -->
        <test-method status="PASS" signature="testRoomKeyRoomNotFound()[pri:0, instance:com.vidyo.rest.extintegration.ExtIntegrationControllerTest@6adbc9d]" name="testRoomKeyRoomNotFound" duration-ms="4" started-at="2018-10-25T15:37:41Z" finished-at="2018-10-25T15:37:41Z">
          <exception class="java.lang.NullPointerException">
            <full-stacktrace>
              <![CDATA[java.lang.NullPointerException
	at com.vidyo.rest.controllers.ExtIntegrationController.getRoomKey(ExtIntegrationController.java:69)
	at com.vidyo.rest.extintegration.ExtIntegrationControllerTest.testRoomKeyRoomNotFound(ExtIntegrationControllerTest.java:139)
	at sun.reflect.NativeMethodAccessorImpl.invoke0(Native Method)
	at sun.reflect.NativeMethodAccessorImpl.invoke(NativeMethodAccessorImpl.java:62)
	at sun.reflect.DelegatingMethodAccessorImpl.invoke(DelegatingMethodAccessorImpl.java:43)
	at java.lang.reflect.Method.invoke(Method.java:498)
	at org.testng.internal.MethodInvocationHelper.invokeMethod(MethodInvocationHelper.java:108)
	at org.testng.internal.Invoker.invokeMethod(Invoker.java:661)
	at org.testng.internal.Invoker.invokeTestMethod(Invoker.java:869)
	at org.testng.internal.Invoker.invokeTestMethods(Invoker.java:1193)
	at org.testng.internal.TestMethodWorker.invokeTestMethods(TestMethodWorker.java:126)
	at org.testng.internal.TestMethodWorker.run(TestMethodWorker.java:109)
	at org.testng.TestRunner.privateRun(TestRunner.java:744)
	at org.testng.TestRunner.run(TestRunner.java:602)
	at org.testng.SuiteRunner.runTest(SuiteRunner.java:380)
	at org.testng.SuiteRunner.runSequentially(SuiteRunner.java:375)
	at org.testng.SuiteRunner.privateRun(SuiteRunner.java:340)
	at org.testng.SuiteRunner.run(SuiteRunner.java:289)
	at org.testng.SuiteRunnerWorker.runSuite(SuiteRunnerWorker.java:52)
	at org.testng.SuiteRunnerWorker.run(SuiteRunnerWorker.java:86)
	at org.testng.TestNG.runSuitesSequentially(TestNG.java:1301)
	at org.testng.TestNG.runSuitesLocally(TestNG.java:1226)
	at org.testng.TestNG.runSuites(TestNG.java:1144)
	at org.testng.TestNG.run(TestNG.java:1115)
	at org.testng.remote.AbstractRemoteTestNG.run(AbstractRemoteTestNG.java:114)
	at org.testng.remote.RemoteTestNG.initAndRun(RemoteTestNG.java:251)
	at org.testng.remote.RemoteTestNG.main(RemoteTestNG.java:77)
]]>
            </full-stacktrace>
          </exception> <!-- java.lang.NullPointerException -->
          <reporter-output>
          </reporter-output>
        </test-method> <!-- testRoomKeyRoomNotFound -->
        <test-method status="PASS" signature="afterPowerMockTestClass()[pri:0, instance:com.vidyo.rest.extintegration.ExtIntegrationControllerTest@6adbc9d]" name="afterPowerMockTestClass" is-config="true" duration-ms="0" started-at="2018-10-25T15:37:41Z" finished-at="2018-10-25T15:37:41Z">
          <reporter-output>
          </reporter-output>
        </test-method> <!-- afterPowerMockTestClass -->
        <test-method status="PASS" signature="afterPowerMockTestMethod()[pri:0, instance:com.vidyo.rest.extintegration.ExtIntegrationControllerTest@6adbc9d]" name="afterPowerMockTestMethod" is-config="true" duration-ms="0" started-at="2018-10-25T15:37:41Z" finished-at="2018-10-25T15:37:41Z">
          <reporter-output>
          </reporter-output>
        </test-method> <!-- afterPowerMockTestMethod -->
      </class> <!-- com.vidyo.rest.extintegration.ExtIntegrationControllerTest -->
    </test> <!-- Default test -->
  </suite> <!-- Default suite -->
</testng-results>
